Epoll wait ...

Wed Aug  2 12:06:00 2023

open {
	Event number [2] with an event fd [22] and events flag => [EVFILT_READ]
	Address [127.0.0.1:8080] with socket [22] on socket server [33]
	ligne 1
	ligne 2
	
Wed Aug  2 12:06:00 2023

	open2 {
		ligne 1
		ligne 2
		ligne 3
		ligne 4
	 }
Wed Aug  2 12:06:00 2023

	ligne 3
	ligne 4
 }
Wed Aug  2 12:06:00 2023

>>>> Failure[32760] <<<<

 }
Wed Aug  2 12:06:00 2023

>>>> Failure[32761] <<<<

 }
Wed Aug  2 12:06:00 2023


Wed Aug  2 12:06:00 2023

open {
	ligne 1
	ligne 2
		>>>> Failure[32762] <<<<

 }
Wed Aug  2 12:06:00 2023

